Using pre-set license
Built from '2020.3/staging' branch; Version is '2020.3.6f1 (338bb68529b2) revision 3378102'; Using compiler version '192528614'; Build Type 'Release'
OS: 'Windows 10 Pro; OS build 19043.1586; Version 2009; 64bit' Language: 'en' Physical Memory: 8073 MB
BatchMode: 1, IsHumanControllingUs: 0, StartBugReporterOnCrash: 0, Is64bit: 1, IsPro: 0

 COMMAND LINE ARGUMENTS:
D:\Unity\2020.3.6f1\Editor\Unity.exe
-adb2
-batchMode
-noUpm
-name
AssetImportWorker0
-projectPath
D:/VS2017 bandymai/_20200521_WinPiker_Demo/why-not-balls/Why not balls
-logFile
Logs/AssetImportWorker0.log
-srvPort
62135
Successfully changed project path to: D:/VS2017 bandymai/_20200521_WinPiker_Demo/why-not-balls/Why not balls
D:/VS2017 bandymai/_20200521_WinPiker_Demo/why-not-balls/Why not balls
Using Asset Import Pipeline V2.
Refreshing native plugins compatible for Editor in 35.75 ms, found 1 plugins.
Preloading 0 native plugins for Editor in 0.00 ms.
Initialize engine version: 2020.3.6f1 (338bb68529b2)
[Subsystems] Discovering subsystems at path D:/Unity/2020.3.6f1/Editor/Data/Resources/UnitySubsystems
[Subsystems] Discovering subsystems at path D:/VS2017 bandymai/_20200521_WinPiker_Demo/why-not-balls/Why not balls/Assets
GfxDevice: creating device client; threaded=0
Direct3D:
    Version:  Direct3D 11.0 [level 11.1]
    Renderer: NVIDIA GeForce RTX 2070 (ID=0x1f02)
    Vendor:   
    VRAM:     8031 MB
    Driver:   27.21.14.5671
Initialize mono
Mono path[0] = 'D:/Unity/2020.3.6f1/Editor/Data/Managed'
Mono path[1] = 'D:/Unity/2020.3.6f1/Editor/Data/MonoBleedingEdge/lib/mono/unityjit'
Mono config path = 'D:/Unity/2020.3.6f1/Editor/Data/MonoBleedingEdge/etc'
Using monoOptions --debugger-agent=transport=dt_socket,embedding=1,server=y,suspend=n,address=127.0.0.1:56788
Begin MonoManager ReloadAssembly
Registering precompiled unity dll's ...
Register platform support module: D:/Unity/2020.3.6f1/Editor/Data/PlaybackEngines/WebGLSupport/UnityEditor.WebGL.Extensions.dll
Register platform support module: D:/Unity/2020.3.6f1/Editor/Data/PlaybackEngines/MacStandaloneSupport/UnityEditor.OSXStandalone.Extensions.dll
Register platform support module: D:/Unity/2020.3.6f1/Editor/Data/PlaybackEngines/WindowsStandaloneSupport/UnityEditor.WindowsStandalone.Extensions.dll
Register platform support module: D:/Unity/2020.3.6f1/Editor/Data/PlaybackEngines/LinuxStandaloneSupport/UnityEditor.LinuxStandalone.Extensions.dll
Registered in 0.001579 seconds.
Native extension for LinuxStandalone target not found
Native extension for WindowsStandalone target not found
Native extension for OSXStandalone target not found
Native extension for WebGL target not found
Refreshing native plugins compatible for Editor in 35.59 ms, found 1 plugins.
Preloading 0 native plugins for Editor in 0.00 ms.
Mono: successfully reloaded assembly
- Completed reload, in  1.600 seconds
Platform modules already initialized, skipping
Registering precompiled user dll's ...
Registered in 0.000768 seconds.
Begin MonoManager ReloadAssembly
Native extension for LinuxStandalone target not found
Native extension for WindowsStandalone target not found
Native extension for OSXStandalone target not found
Native extension for WebGL target not found
Refreshing native plugins compatible for Editor in 36.29 ms, found 1 plugins.
Preloading 0 native plugins for Editor in 0.00 ms.
Mono: successfully reloaded assembly
- Completed reload, in  0.955 seconds
Platform modules already initialized, skipping
========================================================================
Worker process is ready to serve import requests
Launched and connected shader compiler UnityShaderCompiler.exe after 0.05 seconds
Refreshing native plugins compatible for Editor in 0.45 ms, found 1 plugins.
Preloading 0 native plugins for Editor in 0.00 ms.
Unloading 1815 Unused Serialized files (Serialized files now loaded: 0)
System memory in use before: 85.0 MB.
System memory in use after: 85.1 MB.

Unloading 19 unused Assets to reduce memory usage. Loaded Objects now: 2262.
Total: 3.077800 ms (FindLiveObjects: 0.466100 ms CreateObjectMapping: 0.448300 ms MarkObjects: 2.058800 ms  DeleteObjects: 0.103700 ms)

========================================================================
Received Import Request.
  path: Assets/New Physic Material.physicMaterial
  artifactKey: Guid(75fc9f270f7584a448a8fd4d60846b06) Importer(815301076,1909f56bfc062723c751e8b465ee728b)
Start importing Assets/New Physic Material.physicMaterial using Guid(75fc9f270f7584a448a8fd4d60846b06) Importer(815301076,1909f56bfc062723c751e8b465ee728b)  -> (artifact id: 'b49855792cc2c33bc58492137a336160') in 0.054920 seconds
  Import took 0.057896 seconds .

========================================================================
Received Import Request.
  Time since last request: 143.132374 seconds.
  path: Assets/bouncy.physicsMaterial2D
  artifactKey: Guid(6b9ce748f826c744c926074fb2d81ff4) Importer(815301076,1909f56bfc062723c751e8b465ee728b)
Start importing Assets/bouncy.physicsMaterial2D using Guid(6b9ce748f826c744c926074fb2d81ff4) Importer(815301076,1909f56bfc062723c751e8b465ee728b)  -> (artifact id: '3ac47a710686bd612c38114b1adc7227') in 0.006488 seconds
  Import took 0.010562 seconds .

========================================================================
Received Import Request.
  Time since last request: 0.005059 seconds.
  path: Assets/bouncy.physicsMaterial2D
  artifactKey: Guid(6b9ce748f826c744c926074fb2d81ff4) Importer(815301076,1909f56bfc062723c751e8b465ee728b)
Start importing Assets/bouncy.physicsMaterial2D using Guid(6b9ce748f826c744c926074fb2d81ff4) Importer(815301076,1909f56bfc062723c751e8b465ee728b)  -> (artifact id: '3ac47a710686bd612c38114b1adc7227') in 0.003964 seconds
  Import took 0.008357 seconds .

========================================================================
Received Prepare
Registering precompiled user dll's ...
Registered in 0.000901 seconds.
Begin MonoManager ReloadAssembly
Native extension for LinuxStandalone target not found
Native extension for WindowsStandalone target not found
Native extension for OSXStandalone target not found
Native extension for WebGL target not found
Refreshing native plugins compatible for Editor in 0.51 ms, found 1 plugins.
Preloading 0 native plugins for Editor in 0.00 ms.
Mono: successfully reloaded assembly
- Completed reload, in  1.080 seconds
Platform modules already initialized, skipping
Refreshing native plugins compatible for Editor in 0.55 ms, found 1 plugins.
Preloading 0 native plugins for Editor in 0.00 ms.
Unloading 1805 Unused Serialized files (Serialized files now loaded: 0)
System memory in use before: 84.5 MB.
System memory in use after: 84.6 MB.

Unloading 7 unused Assets to reduce memory usage. Loaded Objects now: 2266.
Total: 1.875900 ms (FindLiveObjects: 0.178700 ms CreateObjectMapping: 0.065800 ms MarkObjects: 1.608900 ms  DeleteObjects: 0.021300 ms)

========================================================================
Received Import Request.
  Time since last request: 59.786985 seconds.
  path: Assets/bouncy.physicsMaterial2D
  artifactKey: Guid(6b9ce748f826c744c926074fb2d81ff4) Importer(815301076,1909f56bfc062723c751e8b465ee728b)
Start importing Assets/bouncy.physicsMaterial2D using Guid(6b9ce748f826c744c926074fb2d81ff4) Importer(815301076,1909f56bfc062723c751e8b465ee728b)  -> (artifact id: 'bff39e0cb953ff2d227563f4bd5e8405') in 0.013942 seconds
  Import took 0.017426 seconds .

AssetImportWorkerClient::OnTransportError - code=2 error=End of file
